{"/Users/marcelatrujillotoro/Documents/Marcela/Courses/Node Js/07-restWeb/src/app.ts": {"path":"/Users/marcelatrujillotoro/Documents/Marcela/Courses/Node Js/07-restWeb/src/app.ts","all":false,"statementMap":{"0":{"start":{"line":1,"column":0},"end":{"line":1,"column":37}},"1":{"start":{"line":2,"column":0},"end":{"line":2,"column":50}},"2":{"start":{"line":3,"column":0},"end":{"line":3,"column":47}},"3":{"start":{"line":4,"column":0},"end":{"line":4,"column":0}},"4":{"start":{"line":5,"column":0},"end":{"line":5,"column":14}},"5":{"start":{"line":6,"column":0},"end":{"line":6,"column":9}},"6":{"start":{"line":7,"column":0},"end":{"line":7,"column":5}},"7":{"start":{"line":8,"column":0},"end":{"line":8,"column":0}},"8":{"start":{"line":9,"column":0},"end":{"line":9,"column":17}},"9":{"start":{"line":10,"column":0},"end":{"line":10,"column":29}},"10":{"start":{"line":11,"column":0},"end":{"line":11,"column":20}},"11":{"start":{"line":12,"column":0},"end":{"line":12,"column":33}},"12":{"start":{"line":13,"column":0},"end":{"line":13,"column":29}},"13":{"start":{"line":14,"column":0},"end":{"line":14,"column":5}},"14":{"start":{"line":15,"column":0},"end":{"line":15,"column":0}},"15":{"start":{"line":16,"column":0},"end":{"line":16,"column":17}},"16":{"start":{"line":17,"column":0},"end":{"line":17,"column":1}}},"s":{"0":1,"1":1,"2":1,"3":1,"4":1,"5":1,"6":1,"7":1,"8":1,"9":1,"10":1,"11":1,"12":1,"13":1,"14":1,"15":1,"16":1},"branchMap":{"0":{"type":"branch","line":5,"loc":{"start":{"line":5,"column":1},"end":{"line":7,"column":2}},"locations":[{"start":{"line":5,"column":1},"end":{"line":7,"column":2}}]},"1":{"type":"branch","line":5,"loc":{"start":{"line":5,"column":12},"end":{"line":7,"column":2}},"locations":[{"start":{"line":5,"column":12},"end":{"line":7,"column":2}}]},"2":{"type":"branch","line":9,"loc":{"start":{"line":9,"column":0},"end":{"line":17,"column":1}},"locations":[{"start":{"line":9,"column":0},"end":{"line":17,"column":1}}]}},"b":{"0":[1],"1":[1],"2":[1]},"fnMap":{"0":{"name":"main","decl":{"start":{"line":9,"column":0},"end":{"line":17,"column":1}},"loc":{"start":{"line":9,"column":0},"end":{"line":17,"column":1}},"line":9}},"f":{"0":1}}
,"/Users/marcelatrujillotoro/Documents/Marcela/Courses/Node Js/07-restWeb/src/config/envs.ts": {"path":"/Users/marcelatrujillotoro/Documents/Marcela/Courses/Node Js/07-restWeb/src/config/envs.ts","all":false,"statementMap":{"0":{"start":{"line":1,"column":0},"end":{"line":1,"column":23}},"1":{"start":{"line":2,"column":0},"end":{"line":2,"column":30}},"2":{"start":{"line":3,"column":0},"end":{"line":3,"column":0}},"3":{"start":{"line":4,"column":0},"end":{"line":4,"column":21}},"4":{"start":{"line":5,"column":0},"end":{"line":5,"column":46}},"5":{"start":{"line":6,"column":0},"end":{"line":6,"column":0}},"6":{"start":{"line":7,"column":0},"end":{"line":7,"column":63}},"7":{"start":{"line":8,"column":0},"end":{"line":8,"column":2}}},"s":{"0":1,"1":1,"2":1,"3":1,"4":1,"5":1,"6":1,"7":1},"branchMap":{},"b":{},"fnMap":{},"f":{}}
,"/Users/marcelatrujillotoro/Documents/Marcela/Courses/Node Js/07-restWeb/src/data/postgres/index.ts": {"path":"/Users/marcelatrujillotoro/Documents/Marcela/Courses/Node Js/07-restWeb/src/data/postgres/index.ts","all":false,"statementMap":{"0":{"start":{"line":1,"column":0},"end":{"line":1,"column":46}},"1":{"start":{"line":2,"column":0},"end":{"line":2,"column":0}},"2":{"start":{"line":3,"column":0},"end":{"line":3,"column":41}}},"s":{"0":1,"1":1,"2":1},"branchMap":{},"b":{},"fnMap":{},"f":{}}
,"/Users/marcelatrujillotoro/Documents/Marcela/Courses/Node Js/07-restWeb/src/domain/index.ts": {"path":"/Users/marcelatrujillotoro/Documents/Marcela/Courses/Node Js/07-restWeb/src/domain/index.ts","all":false,"statementMap":{"0":{"start":{"line":1,"column":0},"end":{"line":1,"column":46}},"1":{"start":{"line":2,"column":0},"end":{"line":2,"column":23}},"2":{"start":{"line":3,"column":0},"end":{"line":3,"column":39}},"3":{"start":{"line":4,"column":0},"end":{"line":4,"column":47}},"4":{"start":{"line":5,"column":0},"end":{"line":5,"column":0}},"5":{"start":{"line":6,"column":0},"end":{"line":6,"column":45}},"6":{"start":{"line":7,"column":0},"end":{"line":7,"column":45}},"7":{"start":{"line":8,"column":0},"end":{"line":8,"column":42}},"8":{"start":{"line":9,"column":0},"end":{"line":9,"column":43}},"9":{"start":{"line":10,"column":0},"end":{"line":10,"column":45}},"10":{"start":{"line":11,"column":0},"end":{"line":11,"column":0}},"11":{"start":{"line":12,"column":0},"end":{"line":12,"column":38}}},"s":{"0":1,"1":1,"2":1,"3":1,"4":1,"5":1,"6":1,"7":1,"8":1,"9":1,"10":1,"11":1},"branchMap":{},"b":{},"fnMap":{},"f":{}}
,"/Users/marcelatrujillotoro/Documents/Marcela/Courses/Node Js/07-restWeb/src/domain/datasources/todo.datasource.ts": {"path":"/Users/marcelatrujillotoro/Documents/Marcela/Courses/Node Js/07-restWeb/src/domain/datasources/todo.datasource.ts","all":false,"statementMap":{"0":{"start":{"line":1,"column":0},"end":{"line":1,"column":55}},"1":{"start":{"line":2,"column":0},"end":{"line":2,"column":53}},"2":{"start":{"line":3,"column":0},"end":{"line":3,"column":0}},"3":{"start":{"line":4,"column":0},"end":{"line":4,"column":38}},"4":{"start":{"line":5,"column":0},"end":{"line":5,"column":69}},"5":{"start":{"line":6,"column":0},"end":{"line":6,"column":0}},"6":{"start":{"line":7,"column":0},"end":{"line":7,"column":43}},"7":{"start":{"line":8,"column":0},"end":{"line":8,"column":0}},"8":{"start":{"line":9,"column":0},"end":{"line":9,"column":53}},"9":{"start":{"line":10,"column":0},"end":{"line":10,"column":0}},"10":{"start":{"line":11,"column":0},"end":{"line":11,"column":73}},"11":{"start":{"line":12,"column":0},"end":{"line":12,"column":0}},"12":{"start":{"line":13,"column":0},"end":{"line":13,"column":55}},"13":{"start":{"line":14,"column":0},"end":{"line":14,"column":1}}},"s":{"0":1,"1":1,"2":1,"3":1,"4":1,"5":1,"6":1,"7":1,"8":1,"9":1,"10":1,"11":1,"12":1,"13":1},"branchMap":{},"b":{},"fnMap":{},"f":{}}
,"/Users/marcelatrujillotoro/Documents/Marcela/Courses/Node Js/07-restWeb/src/domain/dtos/index.ts": {"path":"/Users/marcelatrujillotoro/Documents/Marcela/Courses/Node Js/07-restWeb/src/domain/dtos/index.ts","all":false,"statementMap":{"0":{"start":{"line":1,"column":0},"end":{"line":1,"column":40}},"1":{"start":{"line":2,"column":0},"end":{"line":2,"column":40}}},"s":{"0":1,"1":1},"branchMap":{},"b":{},"fnMap":{},"f":{}}
,"/Users/marcelatrujillotoro/Documents/Marcela/Courses/Node Js/07-restWeb/src/domain/dtos/todos/create-todo.dto.ts": {"path":"/Users/marcelatrujillotoro/Documents/Marcela/Courses/Node Js/07-restWeb/src/domain/dtos/todos/create-todo.dto.ts","all":false,"statementMap":{"0":{"start":{"line":1,"column":0},"end":{"line":1,"column":31}},"1":{"start":{"line":2,"column":0},"end":{"line":2,"column":0}},"2":{"start":{"line":3,"column":0},"end":{"line":3,"column":28}},"3":{"start":{"line":4,"column":0},"end":{"line":4,"column":54}},"4":{"start":{"line":5,"column":0},"end":{"line":5,"column":0}},"5":{"start":{"line":6,"column":0},"end":{"line":6,"column":75}},"6":{"start":{"line":7,"column":0},"end":{"line":7,"column":27}},"7":{"start":{"line":8,"column":0},"end":{"line":8,"column":0}},"8":{"start":{"line":9,"column":0},"end":{"line":9,"column":35}},"9":{"start":{"line":10,"column":0},"end":{"line":10,"column":54}},"10":{"start":{"line":11,"column":0},"end":{"line":11,"column":0}},"11":{"start":{"line":12,"column":0},"end":{"line":12,"column":48}},"12":{"start":{"line":13,"column":0},"end":{"line":13,"column":3}},"13":{"start":{"line":14,"column":0},"end":{"line":14,"column":1}}},"s":{"0":1,"1":1,"2":1,"3":1,"4":1,"5":1,"6":3,"7":3,"8":3,"9":3,"10":1,"11":1,"12":1,"13":1},"branchMap":{"0":{"type":"branch","line":4,"loc":{"start":{"line":4,"column":2},"end":{"line":4,"column":54}},"locations":[{"start":{"line":4,"column":2},"end":{"line":4,"column":54}}]},"1":{"type":"branch","line":6,"loc":{"start":{"line":6,"column":9},"end":{"line":13,"column":3}},"locations":[{"start":{"line":6,"column":9},"end":{"line":13,"column":3}}]},"2":{"type":"branch","line":9,"loc":{"start":{"line":9,"column":13},"end":{"line":9,"column":34}},"locations":[{"start":{"line":9,"column":13},"end":{"line":9,"column":34}}]},"3":{"type":"branch","line":10,"loc":{"start":{"line":10,"column":6},"end":{"line":10,"column":54}},"locations":[{"start":{"line":10,"column":6},"end":{"line":10,"column":54}}]},"4":{"type":"branch","line":11,"loc":{"start":{"line":11,"column":-1},"end":{"line":13,"column":3}},"locations":[{"start":{"line":11,"column":-1},"end":{"line":13,"column":3}}]}},"b":{"0":[1],"1":[3],"2":[1],"3":[2],"4":[1]},"fnMap":{"0":{"name":"CreateTodoDTO","decl":{"start":{"line":4,"column":2},"end":{"line":4,"column":54}},"loc":{"start":{"line":4,"column":2},"end":{"line":4,"column":54}},"line":4},"1":{"name":"create","decl":{"start":{"line":6,"column":9},"end":{"line":13,"column":3}},"loc":{"start":{"line":6,"column":9},"end":{"line":13,"column":3}},"line":6}},"f":{"0":1,"1":3}}
,"/Users/marcelatrujillotoro/Documents/Marcela/Courses/Node Js/07-restWeb/src/domain/dtos/todos/update-todo.dto.ts": {"path":"/Users/marcelatrujillotoro/Documents/Marcela/Courses/Node Js/07-restWeb/src/domain/dtos/todos/update-todo.dto.ts","all":false,"statementMap":{"0":{"start":{"line":1,"column":0},"end":{"line":1,"column":31}},"1":{"start":{"line":2,"column":0},"end":{"line":2,"column":0}},"2":{"start":{"line":3,"column":0},"end":{"line":3,"column":28}},"3":{"start":{"line":4,"column":0},"end":{"line":4,"column":22}},"4":{"start":{"line":5,"column":0},"end":{"line":5,"column":31}},"5":{"start":{"line":6,"column":0},"end":{"line":6,"column":34}},"6":{"start":{"line":7,"column":0},"end":{"line":7,"column":38}},"7":{"start":{"line":8,"column":0},"end":{"line":8,"column":6}},"8":{"start":{"line":9,"column":0},"end":{"line":9,"column":0}},"9":{"start":{"line":10,"column":0},"end":{"line":10,"column":16}},"10":{"start":{"line":11,"column":0},"end":{"line":11,"column":49}},"11":{"start":{"line":12,"column":0},"end":{"line":12,"column":0}},"12":{"start":{"line":13,"column":0},"end":{"line":13,"column":46}},"13":{"start":{"line":14,"column":0},"end":{"line":14,"column":67}},"14":{"start":{"line":15,"column":0},"end":{"line":15,"column":0}},"15":{"start":{"line":16,"column":0},"end":{"line":16,"column":21}},"16":{"start":{"line":17,"column":0},"end":{"line":17,"column":3}},"17":{"start":{"line":18,"column":0},"end":{"line":18,"column":0}},"18":{"start":{"line":19,"column":0},"end":{"line":19,"column":75}},"19":{"start":{"line":20,"column":0},"end":{"line":20,"column":44}},"20":{"start":{"line":21,"column":0},"end":{"line":21,"column":37}},"21":{"start":{"line":22,"column":0},"end":{"line":22,"column":0}},"22":{"start":{"line":23,"column":0},"end":{"line":23,"column":35}},"23":{"start":{"line":24,"column":0},"end":{"line":24,"column":43}},"24":{"start":{"line":25,"column":0},"end":{"line":25,"column":5}},"25":{"start":{"line":26,"column":0},"end":{"line":26,"column":0}},"26":{"start":{"line":27,"column":0},"end":{"line":27,"column":22}},"27":{"start":{"line":28,"column":0},"end":{"line":28,"column":45}},"28":{"start":{"line":29,"column":0},"end":{"line":29,"column":60}},"29":{"start":{"line":30,"column":0},"end":{"line":30,"column":48}},"30":{"start":{"line":31,"column":0},"end":{"line":31,"column":7}},"31":{"start":{"line":32,"column":0},"end":{"line":32,"column":5}},"32":{"start":{"line":33,"column":0},"end":{"line":33,"column":0}},"33":{"start":{"line":34,"column":0},"end":{"line":34,"column":68}},"34":{"start":{"line":35,"column":0},"end":{"line":35,"column":3}},"35":{"start":{"line":36,"column":0},"end":{"line":36,"column":1}}},"s":{"0":1,"1":1,"2":1,"3":1,"4":3,"5":3,"6":3,"7":3,"8":1,"9":1,"10":2,"11":2,"12":2,"13":2,"14":2,"15":2,"16":2,"17":1,"18":1,"19":3,"20":3,"21":3,"22":3,"23":0,"24":0,"25":3,"26":3,"27":3,"28":3,"29":0,"30":0,"31":3,"32":3,"33":3,"34":3,"35":1},"branchMap":{"0":{"type":"branch","line":4,"loc":{"start":{"line":4,"column":2},"end":{"line":8,"column":6}},"locations":[{"start":{"line":4,"column":2},"end":{"line":8,"column":6}}]},"1":{"type":"branch","line":10,"loc":{"start":{"line":10,"column":2},"end":{"line":17,"column":3}},"locations":[{"start":{"line":10,"column":2},"end":{"line":17,"column":3}}]},"2":{"type":"branch","line":13,"loc":{"start":{"line":13,"column":19},"end":{"line":13,"column":46}},"locations":[{"start":{"line":13,"column":19},"end":{"line":13,"column":46}}]},"3":{"type":"branch","line":19,"loc":{"start":{"line":19,"column":9},"end":{"line":35,"column":3}},"locations":[{"start":{"line":19,"column":9},"end":{"line":35,"column":3}}]},"4":{"type":"branch","line":23,"loc":{"start":{"line":23,"column":34},"end":{"line":25,"column":5}},"locations":[{"start":{"line":23,"column":34},"end":{"line":25,"column":5}}]},"5":{"type":"branch","line":29,"loc":{"start":{"line":29,"column":59},"end":{"line":31,"column":7}},"locations":[{"start":{"line":29,"column":59},"end":{"line":31,"column":7}}]}},"b":{"0":[3],"1":[2],"2":[1],"3":[3],"4":[0],"5":[0]},"fnMap":{"0":{"name":"UpdateTodoDTO","decl":{"start":{"line":4,"column":2},"end":{"line":8,"column":6}},"loc":{"start":{"line":4,"column":2},"end":{"line":8,"column":6}},"line":4},"1":{"name":"get values","decl":{"start":{"line":10,"column":2},"end":{"line":17,"column":3}},"loc":{"start":{"line":10,"column":2},"end":{"line":17,"column":3}},"line":10},"2":{"name":"update","decl":{"start":{"line":19,"column":9},"end":{"line":35,"column":3}},"loc":{"start":{"line":19,"column":9},"end":{"line":35,"column":3}},"line":19}},"f":{"0":3,"1":2,"2":3}}
,"/Users/marcelatrujillotoro/Documents/Marcela/Courses/Node Js/07-restWeb/src/domain/entities/todo.entity.ts": {"path":"/Users/marcelatrujillotoro/Documents/Marcela/Courses/Node Js/07-restWeb/src/domain/entities/todo.entity.ts","all":false,"statementMap":{"0":{"start":{"line":1,"column":0},"end":{"line":1,"column":25}},"1":{"start":{"line":2,"column":0},"end":{"line":2,"column":14}},"2":{"start":{"line":3,"column":0},"end":{"line":3,"column":22}},"3":{"start":{"line":4,"column":0},"end":{"line":4,"column":24}},"4":{"start":{"line":5,"column":0},"end":{"line":5,"column":36}},"5":{"start":{"line":6,"column":0},"end":{"line":6,"column":6}},"6":{"start":{"line":7,"column":0},"end":{"line":7,"column":0}},"7":{"start":{"line":8,"column":0},"end":{"line":8,"column":21}},"8":{"start":{"line":9,"column":0},"end":{"line":9,"column":30}},"9":{"start":{"line":10,"column":0},"end":{"line":10,"column":3}},"10":{"start":{"line":11,"column":0},"end":{"line":11,"column":0}},"11":{"start":{"line":12,"column":0},"end":{"line":12,"column":72}},"12":{"start":{"line":13,"column":0},"end":{"line":13,"column":45}},"13":{"start":{"line":14,"column":0},"end":{"line":14,"column":0}},"14":{"start":{"line":15,"column":0},"end":{"line":15,"column":36}},"15":{"start":{"line":16,"column":0},"end":{"line":16,"column":40}},"16":{"start":{"line":17,"column":0},"end":{"line":17,"column":0}},"17":{"start":{"line":18,"column":0},"end":{"line":18,"column":23}},"18":{"start":{"line":19,"column":0},"end":{"line":19,"column":22}},"19":{"start":{"line":20,"column":0},"end":{"line":20,"column":45}},"20":{"start":{"line":21,"column":0},"end":{"line":21,"column":44}},"21":{"start":{"line":22,"column":0},"end":{"line":22,"column":48}},"22":{"start":{"line":23,"column":0},"end":{"line":23,"column":7}},"23":{"start":{"line":24,"column":0},"end":{"line":24,"column":5}},"24":{"start":{"line":25,"column":0},"end":{"line":25,"column":0}},"25":{"start":{"line":26,"column":0},"end":{"line":26,"column":49}},"26":{"start":{"line":27,"column":0},"end":{"line":27,"column":3}},"27":{"start":{"line":28,"column":0},"end":{"line":28,"column":1}}},"s":{"0":1,"1":1,"2":10,"3":10,"4":10,"5":10,"6":1,"7":1,"8":0,"9":0,"10":1,"11":1,"12":10,"13":10,"14":10,"15":10,"16":10,"17":10,"18":10,"19":2,"20":2,"21":0,"22":0,"23":2,"24":10,"25":10,"26":10,"27":1},"branchMap":{"0":{"type":"branch","line":2,"loc":{"start":{"line":2,"column":2},"end":{"line":6,"column":6}},"locations":[{"start":{"line":2,"column":2},"end":{"line":6,"column":6}}]},"1":{"type":"branch","line":12,"loc":{"start":{"line":12,"column":16},"end":{"line":27,"column":3}},"locations":[{"start":{"line":12,"column":16},"end":{"line":27,"column":3}}]},"2":{"type":"branch","line":15,"loc":{"start":{"line":15,"column":13},"end":{"line":15,"column":36}},"locations":[{"start":{"line":15,"column":13},"end":{"line":15,"column":36}}]},"3":{"type":"branch","line":16,"loc":{"start":{"line":16,"column":15},"end":{"line":16,"column":40}},"locations":[{"start":{"line":16,"column":15},"end":{"line":16,"column":40}}]},"4":{"type":"branch","line":19,"loc":{"start":{"line":19,"column":21},"end":{"line":24,"column":5}},"locations":[{"start":{"line":19,"column":21},"end":{"line":24,"column":5}}]},"5":{"type":"branch","line":21,"loc":{"start":{"line":21,"column":43},"end":{"line":23,"column":7}},"locations":[{"start":{"line":21,"column":43},"end":{"line":23,"column":7}}]}},"b":{"0":[10],"1":[10],"2":[0],"3":[0],"4":[2],"5":[0]},"fnMap":{"0":{"name":"TodoEntity","decl":{"start":{"line":2,"column":2},"end":{"line":6,"column":6}},"loc":{"start":{"line":2,"column":2},"end":{"line":6,"column":6}},"line":2},"1":{"name":"get isCompleted","decl":{"start":{"line":8,"column":2},"end":{"line":10,"column":3}},"loc":{"start":{"line":8,"column":2},"end":{"line":10,"column":3}},"line":8},"2":{"name":"fromObject","decl":{"start":{"line":12,"column":16},"end":{"line":27,"column":3}},"loc":{"start":{"line":12,"column":16},"end":{"line":27,"column":3}},"line":12}},"f":{"0":10,"1":0,"2":10}}
,"/Users/marcelatrujillotoro/Documents/Marcela/Courses/Node Js/07-restWeb/src/domain/errors/custom.error.ts": {"path":"/Users/marcelatrujillotoro/Documents/Marcela/Courses/Node Js/07-restWeb/src/domain/errors/custom.error.ts","all":false,"statementMap":{"0":{"start":{"line":1,"column":0},"end":{"line":1,"column":40}},"1":{"start":{"line":2,"column":0},"end":{"line":2,"column":14}},"2":{"start":{"line":3,"column":0},"end":{"line":3,"column":36}},"3":{"start":{"line":4,"column":0},"end":{"line":4,"column":44}},"4":{"start":{"line":5,"column":0},"end":{"line":5,"column":5}},"5":{"start":{"line":6,"column":0},"end":{"line":6,"column":19}},"6":{"start":{"line":7,"column":0},"end":{"line":7,"column":3}},"7":{"start":{"line":8,"column":0},"end":{"line":8,"column":1}}},"s":{"0":1,"1":1,"2":3,"3":3,"4":3,"5":3,"6":3,"7":1},"branchMap":{"0":{"type":"branch","line":2,"loc":{"start":{"line":2,"column":2},"end":{"line":7,"column":3}},"locations":[{"start":{"line":2,"column":2},"end":{"line":7,"column":3}}]}},"b":{"0":[3]},"fnMap":{"0":{"name":"CustomError","decl":{"start":{"line":2,"column":2},"end":{"line":7,"column":3}},"loc":{"start":{"line":2,"column":2},"end":{"line":7,"column":3}},"line":2}},"f":{"0":3}}
,"/Users/marcelatrujillotoro/Documents/Marcela/Courses/Node Js/07-restWeb/src/domain/repositories/todo.repository.ts": {"path":"/Users/marcelatrujillotoro/Documents/Marcela/Courses/Node Js/07-restWeb/src/domain/repositories/todo.repository.ts","all":false,"statementMap":{"0":{"start":{"line":1,"column":0},"end":{"line":1,"column":55}},"1":{"start":{"line":2,"column":0},"end":{"line":2,"column":53}},"2":{"start":{"line":3,"column":0},"end":{"line":3,"column":0}},"3":{"start":{"line":4,"column":0},"end":{"line":4,"column":38}},"4":{"start":{"line":5,"column":0},"end":{"line":5,"column":69}},"5":{"start":{"line":6,"column":0},"end":{"line":6,"column":0}},"6":{"start":{"line":7,"column":0},"end":{"line":7,"column":43}},"7":{"start":{"line":8,"column":0},"end":{"line":8,"column":0}},"8":{"start":{"line":9,"column":0},"end":{"line":9,"column":53}},"9":{"start":{"line":10,"column":0},"end":{"line":10,"column":0}},"10":{"start":{"line":11,"column":0},"end":{"line":11,"column":73}},"11":{"start":{"line":12,"column":0},"end":{"line":12,"column":0}},"12":{"start":{"line":13,"column":0},"end":{"line":13,"column":55}},"13":{"start":{"line":14,"column":0},"end":{"line":14,"column":1}}},"s":{"0":1,"1":1,"2":1,"3":1,"4":1,"5":1,"6":1,"7":1,"8":1,"9":1,"10":1,"11":1,"12":1,"13":1},"branchMap":{},"b":{},"fnMap":{},"f":{}}
,"/Users/marcelatrujillotoro/Documents/Marcela/Courses/Node Js/07-restWeb/src/domain/use-cases/todo/create-todo.ts": {"path":"/Users/marcelatrujillotoro/Documents/Marcela/Courses/Node Js/07-restWeb/src/domain/use-cases/todo/create-todo.ts","all":false,"statementMap":{"0":{"start":{"line":1,"column":0},"end":{"line":1,"column":43}},"1":{"start":{"line":2,"column":0},"end":{"line":2,"column":56}},"2":{"start":{"line":3,"column":0},"end":{"line":3,"column":68}},"3":{"start":{"line":4,"column":0},"end":{"line":4,"column":0}},"4":{"start":{"line":5,"column":0},"end":{"line":5,"column":36}},"5":{"start":{"line":6,"column":0},"end":{"line":6,"column":51}},"6":{"start":{"line":7,"column":0},"end":{"line":7,"column":1}},"7":{"start":{"line":8,"column":0},"end":{"line":8,"column":0}},"8":{"start":{"line":9,"column":0},"end":{"line":9,"column":54}},"9":{"start":{"line":10,"column":0},"end":{"line":10,"column":61}},"10":{"start":{"line":11,"column":0},"end":{"line":11,"column":0}},"11":{"start":{"line":12,"column":0},"end":{"line":12,"column":52}},"12":{"start":{"line":13,"column":0},"end":{"line":13,"column":39}},"13":{"start":{"line":14,"column":0},"end":{"line":14,"column":3}},"14":{"start":{"line":15,"column":0},"end":{"line":15,"column":1}}},"s":{"0":1,"1":1,"2":1,"3":1,"4":1,"5":1,"6":1,"7":1,"8":1,"9":1,"10":1,"11":1,"12":1,"13":1,"14":1},"branchMap":{"0":{"type":"branch","line":10,"loc":{"start":{"line":10,"column":2},"end":{"line":10,"column":61}},"locations":[{"start":{"line":10,"column":2},"end":{"line":10,"column":61}}]},"1":{"type":"branch","line":12,"loc":{"start":{"line":12,"column":2},"end":{"line":14,"column":3}},"locations":[{"start":{"line":12,"column":2},"end":{"line":14,"column":3}}]}},"b":{"0":[1],"1":[1]},"fnMap":{"0":{"name":"CreateTodo","decl":{"start":{"line":10,"column":2},"end":{"line":10,"column":61}},"loc":{"start":{"line":10,"column":2},"end":{"line":10,"column":61}},"line":10},"1":{"name":"execute","decl":{"start":{"line":12,"column":2},"end":{"line":14,"column":3}},"loc":{"start":{"line":12,"column":2},"end":{"line":14,"column":3}},"line":12}},"f":{"0":1,"1":1}}
,"/Users/marcelatrujillotoro/Documents/Marcela/Courses/Node Js/07-restWeb/src/domain/use-cases/todo/delete-todo.ts": {"path":"/Users/marcelatrujillotoro/Documents/Marcela/Courses/Node Js/07-restWeb/src/domain/use-cases/todo/delete-todo.ts","all":false,"statementMap":{"0":{"start":{"line":1,"column":0},"end":{"line":1,"column":56}},"1":{"start":{"line":2,"column":0},"end":{"line":2,"column":68}},"2":{"start":{"line":3,"column":0},"end":{"line":3,"column":0}},"3":{"start":{"line":4,"column":0},"end":{"line":4,"column":36}},"4":{"start":{"line":5,"column":0},"end":{"line":5,"column":43}},"5":{"start":{"line":6,"column":0},"end":{"line":6,"column":1}},"6":{"start":{"line":7,"column":0},"end":{"line":7,"column":0}},"7":{"start":{"line":8,"column":0},"end":{"line":8,"column":54}},"8":{"start":{"line":9,"column":0},"end":{"line":9,"column":61}},"9":{"start":{"line":10,"column":0},"end":{"line":10,"column":0}},"10":{"start":{"line":11,"column":0},"end":{"line":11,"column":44}},"11":{"start":{"line":12,"column":0},"end":{"line":12,"column":42}},"12":{"start":{"line":13,"column":0},"end":{"line":13,"column":3}},"13":{"start":{"line":14,"column":0},"end":{"line":14,"column":1}}},"s":{"0":1,"1":1,"2":1,"3":1,"4":1,"5":1,"6":1,"7":1,"8":1,"9":1,"10":1,"11":2,"12":2,"13":1},"branchMap":{"0":{"type":"branch","line":9,"loc":{"start":{"line":9,"column":2},"end":{"line":9,"column":61}},"locations":[{"start":{"line":9,"column":2},"end":{"line":9,"column":61}}]},"1":{"type":"branch","line":11,"loc":{"start":{"line":11,"column":2},"end":{"line":13,"column":3}},"locations":[{"start":{"line":11,"column":2},"end":{"line":13,"column":3}}]}},"b":{"0":[2],"1":[2]},"fnMap":{"0":{"name":"DeleteTodo","decl":{"start":{"line":9,"column":2},"end":{"line":9,"column":61}},"loc":{"start":{"line":9,"column":2},"end":{"line":9,"column":61}},"line":9},"1":{"name":"execute","decl":{"start":{"line":11,"column":2},"end":{"line":13,"column":3}},"loc":{"start":{"line":11,"column":2},"end":{"line":13,"column":3}},"line":11}},"f":{"0":2,"1":2}}
,"/Users/marcelatrujillotoro/Documents/Marcela/Courses/Node Js/07-restWeb/src/domain/use-cases/todo/get-todo.ts": {"path":"/Users/marcelatrujillotoro/Documents/Marcela/Courses/Node Js/07-restWeb/src/domain/use-cases/todo/get-todo.ts","all":false,"statementMap":{"0":{"start":{"line":1,"column":0},"end":{"line":1,"column":43}},"1":{"start":{"line":2,"column":0},"end":{"line":2,"column":56}},"2":{"start":{"line":3,"column":0},"end":{"line":3,"column":68}},"3":{"start":{"line":4,"column":0},"end":{"line":4,"column":0}},"4":{"start":{"line":5,"column":0},"end":{"line":5,"column":33}},"5":{"start":{"line":6,"column":0},"end":{"line":6,"column":43}},"6":{"start":{"line":7,"column":0},"end":{"line":7,"column":1}},"7":{"start":{"line":8,"column":0},"end":{"line":8,"column":0}},"8":{"start":{"line":9,"column":0},"end":{"line":9,"column":48}},"9":{"start":{"line":10,"column":0},"end":{"line":10,"column":61}},"10":{"start":{"line":11,"column":0},"end":{"line":11,"column":0}},"11":{"start":{"line":12,"column":0},"end":{"line":12,"column":44}},"12":{"start":{"line":13,"column":0},"end":{"line":13,"column":40}},"13":{"start":{"line":14,"column":0},"end":{"line":14,"column":3}},"14":{"start":{"line":15,"column":0},"end":{"line":15,"column":1}}},"s":{"0":1,"1":1,"2":1,"3":1,"4":1,"5":1,"6":1,"7":1,"8":1,"9":1,"10":1,"11":1,"12":2,"13":2,"14":1},"branchMap":{"0":{"type":"branch","line":10,"loc":{"start":{"line":10,"column":2},"end":{"line":10,"column":61}},"locations":[{"start":{"line":10,"column":2},"end":{"line":10,"column":61}}]},"1":{"type":"branch","line":12,"loc":{"start":{"line":12,"column":2},"end":{"line":14,"column":3}},"locations":[{"start":{"line":12,"column":2},"end":{"line":14,"column":3}}]}},"b":{"0":[2],"1":[2]},"fnMap":{"0":{"name":"GetTodo","decl":{"start":{"line":10,"column":2},"end":{"line":10,"column":61}},"loc":{"start":{"line":10,"column":2},"end":{"line":10,"column":61}},"line":10},"1":{"name":"execute","decl":{"start":{"line":12,"column":2},"end":{"line":14,"column":3}},"loc":{"start":{"line":12,"column":2},"end":{"line":14,"column":3}},"line":12}},"f":{"0":2,"1":2}}
,"/Users/marcelatrujillotoro/Documents/Marcela/Courses/Node Js/07-restWeb/src/domain/use-cases/todo/get-todos.ts": {"path":"/Users/marcelatrujillotoro/Documents/Marcela/Courses/Node Js/07-restWeb/src/domain/use-cases/todo/get-todos.ts","all":false,"statementMap":{"0":{"start":{"line":1,"column":0},"end":{"line":1,"column":56}},"1":{"start":{"line":2,"column":0},"end":{"line":2,"column":68}},"2":{"start":{"line":3,"column":0},"end":{"line":3,"column":0}},"3":{"start":{"line":4,"column":0},"end":{"line":4,"column":34}},"4":{"start":{"line":5,"column":0},"end":{"line":5,"column":35}},"5":{"start":{"line":6,"column":0},"end":{"line":6,"column":1}},"6":{"start":{"line":7,"column":0},"end":{"line":7,"column":0}},"7":{"start":{"line":8,"column":0},"end":{"line":8,"column":50}},"8":{"start":{"line":9,"column":0},"end":{"line":9,"column":61}},"9":{"start":{"line":10,"column":0},"end":{"line":10,"column":0}},"10":{"start":{"line":11,"column":0},"end":{"line":11,"column":36}},"11":{"start":{"line":12,"column":0},"end":{"line":12,"column":36}},"12":{"start":{"line":13,"column":0},"end":{"line":13,"column":3}},"13":{"start":{"line":14,"column":0},"end":{"line":14,"column":1}}},"s":{"0":1,"1":1,"2":1,"3":1,"4":1,"5":1,"6":1,"7":1,"8":1,"9":1,"10":1,"11":1,"12":1,"13":1},"branchMap":{"0":{"type":"branch","line":9,"loc":{"start":{"line":9,"column":2},"end":{"line":9,"column":61}},"locations":[{"start":{"line":9,"column":2},"end":{"line":9,"column":61}}]},"1":{"type":"branch","line":11,"loc":{"start":{"line":11,"column":2},"end":{"line":13,"column":3}},"locations":[{"start":{"line":11,"column":2},"end":{"line":13,"column":3}}]}},"b":{"0":[1],"1":[1]},"fnMap":{"0":{"name":"GetTodos","decl":{"start":{"line":9,"column":2},"end":{"line":9,"column":61}},"loc":{"start":{"line":9,"column":2},"end":{"line":9,"column":61}},"line":9},"1":{"name":"execute","decl":{"start":{"line":11,"column":2},"end":{"line":13,"column":3}},"loc":{"start":{"line":11,"column":2},"end":{"line":13,"column":3}},"line":11}},"f":{"0":1,"1":1}}
,"/Users/marcelatrujillotoro/Documents/Marcela/Courses/Node Js/07-restWeb/src/domain/use-cases/todo/update-todo.ts": {"path":"/Users/marcelatrujillotoro/Documents/Marcela/Courses/Node Js/07-restWeb/src/domain/use-cases/todo/update-todo.ts","all":false,"statementMap":{"0":{"start":{"line":1,"column":0},"end":{"line":1,"column":43}},"1":{"start":{"line":2,"column":0},"end":{"line":2,"column":56}},"2":{"start":{"line":3,"column":0},"end":{"line":3,"column":68}},"3":{"start":{"line":4,"column":0},"end":{"line":4,"column":0}},"4":{"start":{"line":5,"column":0},"end":{"line":5,"column":36}},"5":{"start":{"line":6,"column":0},"end":{"line":6,"column":51}},"6":{"start":{"line":7,"column":0},"end":{"line":7,"column":1}},"7":{"start":{"line":8,"column":0},"end":{"line":8,"column":0}},"8":{"start":{"line":9,"column":0},"end":{"line":9,"column":54}},"9":{"start":{"line":10,"column":0},"end":{"line":10,"column":61}},"10":{"start":{"line":11,"column":0},"end":{"line":11,"column":0}},"11":{"start":{"line":12,"column":0},"end":{"line":12,"column":52}},"12":{"start":{"line":13,"column":0},"end":{"line":13,"column":43}},"13":{"start":{"line":14,"column":0},"end":{"line":14,"column":3}},"14":{"start":{"line":15,"column":0},"end":{"line":15,"column":1}}},"s":{"0":1,"1":1,"2":1,"3":1,"4":1,"5":1,"6":1,"7":1,"8":1,"9":1,"10":1,"11":1,"12":3,"13":3,"14":1},"branchMap":{"0":{"type":"branch","line":10,"loc":{"start":{"line":10,"column":2},"end":{"line":10,"column":61}},"locations":[{"start":{"line":10,"column":2},"end":{"line":10,"column":61}}]},"1":{"type":"branch","line":12,"loc":{"start":{"line":12,"column":2},"end":{"line":14,"column":3}},"locations":[{"start":{"line":12,"column":2},"end":{"line":14,"column":3}}]}},"b":{"0":[3],"1":[3]},"fnMap":{"0":{"name":"UpdateTodo","decl":{"start":{"line":10,"column":2},"end":{"line":10,"column":61}},"loc":{"start":{"line":10,"column":2},"end":{"line":10,"column":61}},"line":10},"1":{"name":"execute","decl":{"start":{"line":12,"column":2},"end":{"line":14,"column":3}},"loc":{"start":{"line":12,"column":2},"end":{"line":14,"column":3}},"line":12}},"f":{"0":3,"1":3}}
,"/Users/marcelatrujillotoro/Documents/Marcela/Courses/Node Js/07-restWeb/src/infraestructure/index.ts": {"path":"/Users/marcelatrujillotoro/Documents/Marcela/Courses/Node Js/07-restWeb/src/infraestructure/index.ts","all":false,"statementMap":{"0":{"start":{"line":1,"column":0},"end":{"line":1,"column":51}},"1":{"start":{"line":2,"column":0},"end":{"line":2,"column":52}}},"s":{"0":1,"1":1},"branchMap":{},"b":{},"fnMap":{},"f":{}}
,"/Users/marcelatrujillotoro/Documents/Marcela/Courses/Node Js/07-restWeb/src/infraestructure/datasources/todo.datasource.impl.ts": {"path":"/Users/marcelatrujillotoro/Documents/Marcela/Courses/Node Js/07-restWeb/src/infraestructure/datasources/todo.datasource.impl.ts","all":false,"statementMap":{"0":{"start":{"line":1,"column":0},"end":{"line":1,"column":45}},"1":{"start":{"line":2,"column":0},"end":{"line":2,"column":8}},"2":{"start":{"line":3,"column":0},"end":{"line":3,"column":16}},"3":{"start":{"line":4,"column":0},"end":{"line":4,"column":14}},"4":{"start":{"line":5,"column":0},"end":{"line":5,"column":17}},"5":{"start":{"line":6,"column":0},"end":{"line":6,"column":13}},"6":{"start":{"line":7,"column":0},"end":{"line":7,"column":16}},"7":{"start":{"line":8,"column":0},"end":{"line":8,"column":22}},"8":{"start":{"line":9,"column":0},"end":{"line":9,"column":0}},"9":{"start":{"line":10,"column":0},"end":{"line":10,"column":59}},"10":{"start":{"line":11,"column":0},"end":{"line":11,"column":67}},"11":{"start":{"line":12,"column":0},"end":{"line":12,"column":43}},"12":{"start":{"line":13,"column":0},"end":{"line":13,"column":27}},"13":{"start":{"line":14,"column":0},"end":{"line":14,"column":7}},"14":{"start":{"line":15,"column":0},"end":{"line":15,"column":0}},"15":{"start":{"line":16,"column":0},"end":{"line":16,"column":39}},"16":{"start":{"line":17,"column":0},"end":{"line":17,"column":3}},"17":{"start":{"line":18,"column":0},"end":{"line":18,"column":0}},"18":{"start":{"line":19,"column":0},"end":{"line":19,"column":41}},"19":{"start":{"line":20,"column":0},"end":{"line":20,"column":47}},"20":{"start":{"line":21,"column":0},"end":{"line":21,"column":0}},"21":{"start":{"line":22,"column":0},"end":{"line":22,"column":60}},"22":{"start":{"line":23,"column":0},"end":{"line":23,"column":3}},"23":{"start":{"line":24,"column":0},"end":{"line":24,"column":0}},"24":{"start":{"line":25,"column":0},"end":{"line":25,"column":51}},"25":{"start":{"line":26,"column":0},"end":{"line":26,"column":64}},"26":{"start":{"line":27,"column":0},"end":{"line":27,"column":0}},"27":{"start":{"line":28,"column":0},"end":{"line":28,"column":74}},"28":{"start":{"line":29,"column":0},"end":{"line":29,"column":0}},"29":{"start":{"line":30,"column":0},"end":{"line":30,"column":39}},"30":{"start":{"line":31,"column":0},"end":{"line":31,"column":3}},"31":{"start":{"line":32,"column":0},"end":{"line":32,"column":0}},"32":{"start":{"line":33,"column":0},"end":{"line":33,"column":71}},"33":{"start":{"line":34,"column":0},"end":{"line":34,"column":42}},"34":{"start":{"line":35,"column":0},"end":{"line":35,"column":0}},"35":{"start":{"line":36,"column":0},"end":{"line":36,"column":49}},"36":{"start":{"line":37,"column":0},"end":{"line":37,"column":38}},"37":{"start":{"line":38,"column":0},"end":{"line":38,"column":34}},"38":{"start":{"line":39,"column":0},"end":{"line":39,"column":7}},"39":{"start":{"line":40,"column":0},"end":{"line":40,"column":0}},"40":{"start":{"line":41,"column":0},"end":{"line":41,"column":45}},"41":{"start":{"line":42,"column":0},"end":{"line":42,"column":3}},"42":{"start":{"line":43,"column":0},"end":{"line":43,"column":0}},"43":{"start":{"line":44,"column":0},"end":{"line":44,"column":53}},"44":{"start":{"line":45,"column":0},"end":{"line":45,"column":28}},"45":{"start":{"line":46,"column":0},"end":{"line":46,"column":0}},"46":{"start":{"line":47,"column":0},"end":{"line":47,"column":64}},"47":{"start":{"line":48,"column":0},"end":{"line":48,"column":0}},"48":{"start":{"line":49,"column":0},"end":{"line":49,"column":42}},"49":{"start":{"line":50,"column":0},"end":{"line":50,"column":3}},"50":{"start":{"line":51,"column":0},"end":{"line":51,"column":1}}},"s":{"0":1,"1":1,"2":1,"3":1,"4":1,"5":1,"6":1,"7":1,"8":1,"9":1,"10":1,"11":1,"12":1,"13":1,"14":1,"15":1,"16":1,"17":1,"18":1,"19":1,"20":1,"21":1,"22":1,"23":1,"24":1,"25":7,"26":7,"27":7,"28":4,"29":4,"30":4,"31":1,"32":1,"33":3,"34":2,"35":2,"36":2,"37":2,"38":2,"39":2,"40":2,"41":2,"42":1,"43":1,"44":2,"45":1,"46":1,"47":1,"48":1,"49":1,"50":1},"branchMap":{"0":{"type":"branch","line":11,"loc":{"start":{"line":11,"column":8},"end":{"line":17,"column":3}},"locations":[{"start":{"line":11,"column":8},"end":{"line":17,"column":3}}]},"1":{"type":"branch","line":19,"loc":{"start":{"line":19,"column":8},"end":{"line":23,"column":3}},"locations":[{"start":{"line":19,"column":8},"end":{"line":23,"column":3}}]},"2":{"type":"branch","line":22,"loc":{"start":{"line":22,"column":21},"end":{"line":22,"column":58}},"locations":[{"start":{"line":22,"column":21},"end":{"line":22,"column":58}}]},"3":{"type":"branch","line":25,"loc":{"start":{"line":25,"column":8},"end":{"line":31,"column":3}},"locations":[{"start":{"line":25,"column":8},"end":{"line":31,"column":3}}]},"4":{"type":"branch","line":28,"loc":{"start":{"line":28,"column":15},"end":{"line":28,"column":74}},"locations":[{"start":{"line":28,"column":15},"end":{"line":28,"column":74}}]},"5":{"type":"branch","line":29,"loc":{"start":{"line":29,"column":-1},"end":{"line":31,"column":3}},"locations":[{"start":{"line":29,"column":-1},"end":{"line":31,"column":3}}]},"6":{"type":"branch","line":33,"loc":{"start":{"line":33,"column":8},"end":{"line":42,"column":3}},"locations":[{"start":{"line":33,"column":8},"end":{"line":42,"column":3}}]},"7":{"type":"branch","line":35,"loc":{"start":{"line":35,"column":-1},"end":{"line":42,"column":3}},"locations":[{"start":{"line":35,"column":-1},"end":{"line":42,"column":3}}]},"8":{"type":"branch","line":44,"loc":{"start":{"line":44,"column":8},"end":{"line":50,"column":3}},"locations":[{"start":{"line":44,"column":8},"end":{"line":50,"column":3}}]},"9":{"type":"branch","line":46,"loc":{"start":{"line":46,"column":-1},"end":{"line":50,"column":3}},"locations":[{"start":{"line":46,"column":-1},"end":{"line":50,"column":3}}]}},"b":{"0":[1],"1":[1],"2":[2],"3":[7],"4":[3],"5":[4],"6":[3],"7":[2],"8":[2],"9":[1]},"fnMap":{"0":{"name":"create","decl":{"start":{"line":11,"column":8},"end":{"line":17,"column":3}},"loc":{"start":{"line":11,"column":8},"end":{"line":17,"column":3}},"line":11},"1":{"name":"getAll","decl":{"start":{"line":19,"column":8},"end":{"line":23,"column":3}},"loc":{"start":{"line":19,"column":8},"end":{"line":23,"column":3}},"line":19},"2":{"name":"findById","decl":{"start":{"line":25,"column":8},"end":{"line":31,"column":3}},"loc":{"start":{"line":25,"column":8},"end":{"line":31,"column":3}},"line":25},"3":{"name":"updateById","decl":{"start":{"line":33,"column":8},"end":{"line":42,"column":3}},"loc":{"start":{"line":33,"column":8},"end":{"line":42,"column":3}},"line":33},"4":{"name":"deleteById","decl":{"start":{"line":44,"column":8},"end":{"line":50,"column":3}},"loc":{"start":{"line":44,"column":8},"end":{"line":50,"column":3}},"line":44}},"f":{"0":1,"1":1,"2":7,"3":3,"4":2}}
,"/Users/marcelatrujillotoro/Documents/Marcela/Courses/Node Js/07-restWeb/src/infraestructure/repositories/todo.repository.impl.ts": {"path":"/Users/marcelatrujillotoro/Documents/Marcela/Courses/Node Js/07-restWeb/src/infraestructure/repositories/todo.repository.impl.ts","all":false,"statementMap":{"0":{"start":{"line":1,"column":0},"end":{"line":1,"column":8}},"1":{"start":{"line":2,"column":0},"end":{"line":2,"column":16}},"2":{"start":{"line":3,"column":0},"end":{"line":3,"column":17}},"3":{"start":{"line":4,"column":0},"end":{"line":4,"column":13}},"4":{"start":{"line":5,"column":0},"end":{"line":5,"column":17}},"5":{"start":{"line":6,"column":0},"end":{"line":6,"column":16}},"6":{"start":{"line":7,"column":0},"end":{"line":7,"column":22}},"7":{"start":{"line":8,"column":0},"end":{"line":8,"column":0}},"8":{"start":{"line":9,"column":0},"end":{"line":9,"column":59}},"9":{"start":{"line":10,"column":0},"end":{"line":10,"column":61}},"10":{"start":{"line":11,"column":0},"end":{"line":11,"column":0}},"11":{"start":{"line":12,"column":0},"end":{"line":12,"column":61}},"12":{"start":{"line":13,"column":0},"end":{"line":13,"column":49}},"13":{"start":{"line":14,"column":0},"end":{"line":14,"column":3}},"14":{"start":{"line":15,"column":0},"end":{"line":15,"column":0}},"15":{"start":{"line":16,"column":0},"end":{"line":16,"column":35}},"16":{"start":{"line":17,"column":0},"end":{"line":17,"column":36}},"17":{"start":{"line":18,"column":0},"end":{"line":18,"column":3}},"18":{"start":{"line":19,"column":0},"end":{"line":19,"column":0}},"19":{"start":{"line":20,"column":0},"end":{"line":20,"column":45}},"20":{"start":{"line":21,"column":0},"end":{"line":21,"column":40}},"21":{"start":{"line":22,"column":0},"end":{"line":22,"column":3}},"22":{"start":{"line":23,"column":0},"end":{"line":23,"column":0}},"23":{"start":{"line":24,"column":0},"end":{"line":24,"column":65}},"24":{"start":{"line":25,"column":0},"end":{"line":25,"column":53}},"25":{"start":{"line":26,"column":0},"end":{"line":26,"column":3}},"26":{"start":{"line":27,"column":0},"end":{"line":27,"column":0}},"27":{"start":{"line":28,"column":0},"end":{"line":28,"column":47}},"28":{"start":{"line":29,"column":0},"end":{"line":29,"column":42}},"29":{"start":{"line":30,"column":0},"end":{"line":30,"column":3}},"30":{"start":{"line":31,"column":0},"end":{"line":31,"column":1}}},"s":{"0":1,"1":1,"2":1,"3":1,"4":1,"5":1,"6":1,"7":1,"8":1,"9":1,"10":1,"11":1,"12":1,"13":1,"14":1,"15":1,"16":1,"17":1,"18":1,"19":1,"20":2,"21":2,"22":1,"23":1,"24":3,"25":3,"26":1,"27":1,"28":2,"29":2,"30":1},"branchMap":{"0":{"type":"branch","line":10,"loc":{"start":{"line":10,"column":2},"end":{"line":10,"column":61}},"locations":[{"start":{"line":10,"column":2},"end":{"line":10,"column":61}}]},"1":{"type":"branch","line":12,"loc":{"start":{"line":12,"column":2},"end":{"line":14,"column":3}},"locations":[{"start":{"line":12,"column":2},"end":{"line":14,"column":3}}]},"2":{"type":"branch","line":16,"loc":{"start":{"line":16,"column":2},"end":{"line":18,"column":3}},"locations":[{"start":{"line":16,"column":2},"end":{"line":18,"column":3}}]},"3":{"type":"branch","line":20,"loc":{"start":{"line":20,"column":2},"end":{"line":22,"column":3}},"locations":[{"start":{"line":20,"column":2},"end":{"line":22,"column":3}}]},"4":{"type":"branch","line":24,"loc":{"start":{"line":24,"column":2},"end":{"line":26,"column":3}},"locations":[{"start":{"line":24,"column":2},"end":{"line":26,"column":3}}]},"5":{"type":"branch","line":28,"loc":{"start":{"line":28,"column":2},"end":{"line":30,"column":3}},"locations":[{"start":{"line":28,"column":2},"end":{"line":30,"column":3}}]}},"b":{"0":[2],"1":[1],"2":[1],"3":[2],"4":[3],"5":[2]},"fnMap":{"0":{"name":"TodoRepositoryImpl","decl":{"start":{"line":10,"column":2},"end":{"line":10,"column":61}},"loc":{"start":{"line":10,"column":2},"end":{"line":10,"column":61}},"line":10},"1":{"name":"create","decl":{"start":{"line":12,"column":2},"end":{"line":14,"column":3}},"loc":{"start":{"line":12,"column":2},"end":{"line":14,"column":3}},"line":12},"2":{"name":"getAll","decl":{"start":{"line":16,"column":2},"end":{"line":18,"column":3}},"loc":{"start":{"line":16,"column":2},"end":{"line":18,"column":3}},"line":16},"3":{"name":"findById","decl":{"start":{"line":20,"column":2},"end":{"line":22,"column":3}},"loc":{"start":{"line":20,"column":2},"end":{"line":22,"column":3}},"line":20},"4":{"name":"updateById","decl":{"start":{"line":24,"column":2},"end":{"line":26,"column":3}},"loc":{"start":{"line":24,"column":2},"end":{"line":26,"column":3}},"line":24},"5":{"name":"deleteById","decl":{"start":{"line":28,"column":2},"end":{"line":30,"column":3}},"loc":{"start":{"line":28,"column":2},"end":{"line":30,"column":3}},"line":28}},"f":{"0":2,"1":1,"2":1,"3":2,"4":3,"5":2}}
,"/Users/marcelatrujillotoro/Documents/Marcela/Courses/Node Js/07-restWeb/src/presentation/routes.ts": {"path":"/Users/marcelatrujillotoro/Documents/Marcela/Courses/Node Js/07-restWeb/src/presentation/routes.ts","all":false,"statementMap":{"0":{"start":{"line":1,"column":0},"end":{"line":1,"column":33}},"1":{"start":{"line":2,"column":0},"end":{"line":2,"column":44}},"2":{"start":{"line":3,"column":0},"end":{"line":3,"column":0}},"3":{"start":{"line":4,"column":0},"end":{"line":4,"column":24}},"4":{"start":{"line":5,"column":0},"end":{"line":5,"column":31}},"5":{"start":{"line":6,"column":0},"end":{"line":6,"column":28}},"6":{"start":{"line":7,"column":0},"end":{"line":7,"column":0}},"7":{"start":{"line":8,"column":0},"end":{"line":8,"column":48}},"8":{"start":{"line":9,"column":0},"end":{"line":9,"column":0}},"9":{"start":{"line":10,"column":0},"end":{"line":10,"column":18}},"10":{"start":{"line":11,"column":0},"end":{"line":11,"column":3}},"11":{"start":{"line":12,"column":0},"end":{"line":12,"column":1}}},"s":{"0":1,"1":1,"2":1,"3":1,"4":1,"5":2,"6":2,"7":2,"8":2,"9":2,"10":2,"11":1},"branchMap":{"0":{"type":"branch","line":5,"loc":{"start":{"line":5,"column":8},"end":{"line":11,"column":3}},"locations":[{"start":{"line":5,"column":8},"end":{"line":11,"column":3}}]}},"b":{"0":[2]},"fnMap":{"0":{"name":"get routes","decl":{"start":{"line":5,"column":8},"end":{"line":11,"column":3}},"loc":{"start":{"line":5,"column":8},"end":{"line":11,"column":3}},"line":5}},"f":{"0":2}}
,"/Users/marcelatrujillotoro/Documents/Marcela/Courses/Node Js/07-restWeb/src/presentation/server.ts": {"path":"/Users/marcelatrujillotoro/Documents/Marcela/Courses/Node Js/07-restWeb/src/presentation/server.ts","all":false,"statementMap":{"0":{"start":{"line":1,"column":0},"end":{"line":1,"column":42}},"1":{"start":{"line":2,"column":0},"end":{"line":2,"column":24}},"2":{"start":{"line":3,"column":0},"end":{"line":3,"column":38}},"3":{"start":{"line":4,"column":0},"end":{"line":4,"column":0}},"4":{"start":{"line":5,"column":0},"end":{"line":5,"column":19}},"5":{"start":{"line":6,"column":0},"end":{"line":6,"column":15}},"6":{"start":{"line":7,"column":0},"end":{"line":7,"column":17}},"7":{"start":{"line":8,"column":0},"end":{"line":8,"column":22}},"8":{"start":{"line":9,"column":0},"end":{"line":9,"column":1}},"9":{"start":{"line":10,"column":0},"end":{"line":10,"column":0}},"10":{"start":{"line":11,"column":0},"end":{"line":11,"column":21}},"11":{"start":{"line":12,"column":0},"end":{"line":12,"column":34}},"12":{"start":{"line":13,"column":0},"end":{"line":13,"column":0}},"13":{"start":{"line":14,"column":0},"end":{"line":14,"column":31}},"14":{"start":{"line":15,"column":0},"end":{"line":15,"column":0}},"15":{"start":{"line":16,"column":0},"end":{"line":16,"column":32}},"16":{"start":{"line":17,"column":0},"end":{"line":17,"column":38}},"17":{"start":{"line":18,"column":0},"end":{"line":18,"column":34}},"18":{"start":{"line":19,"column":0},"end":{"line":19,"column":0}},"19":{"start":{"line":20,"column":0},"end":{"line":20,"column":65}},"20":{"start":{"line":21,"column":0},"end":{"line":21,"column":21}},"21":{"start":{"line":22,"column":0},"end":{"line":22,"column":33}},"22":{"start":{"line":23,"column":0},"end":{"line":23,"column":25}},"23":{"start":{"line":24,"column":0},"end":{"line":24,"column":3}},"24":{"start":{"line":25,"column":0},"end":{"line":25,"column":0}},"25":{"start":{"line":26,"column":0},"end":{"line":26,"column":17}},"26":{"start":{"line":27,"column":0},"end":{"line":27,"column":19}},"27":{"start":{"line":28,"column":0},"end":{"line":28,"column":69}},"28":{"start":{"line":29,"column":0},"end":{"line":29,"column":0}},"29":{"start":{"line":30,"column":0},"end":{"line":30,"column":55}},"30":{"start":{"line":31,"column":0},"end":{"line":31,"column":33}},"31":{"start":{"line":32,"column":0},"end":{"line":32,"column":0}},"32":{"start":{"line":33,"column":0},"end":{"line":33,"column":61}},"33":{"start":{"line":34,"column":0},"end":{"line":34,"column":57}},"34":{"start":{"line":35,"column":0},"end":{"line":35,"column":0}},"35":{"start":{"line":36,"column":0},"end":{"line":36,"column":94}},"36":{"start":{"line":37,"column":0},"end":{"line":37,"column":32}},"37":{"start":{"line":38,"column":0},"end":{"line":38,"column":0}},"38":{"start":{"line":39,"column":0},"end":{"line":39,"column":17}},"39":{"start":{"line":40,"column":0},"end":{"line":40,"column":0}},"40":{"start":{"line":41,"column":0},"end":{"line":41,"column":21}},"41":{"start":{"line":42,"column":0},"end":{"line":42,"column":50}},"42":{"start":{"line":43,"column":0},"end":{"line":43,"column":0}},"43":{"start":{"line":44,"column":0},"end":{"line":44,"column":16}},"44":{"start":{"line":45,"column":0},"end":{"line":45,"column":0}},"45":{"start":{"line":46,"column":0},"end":{"line":46,"column":14}},"46":{"start":{"line":47,"column":0},"end":{"line":47,"column":0}},"47":{"start":{"line":48,"column":0},"end":{"line":48,"column":30}},"48":{"start":{"line":49,"column":0},"end":{"line":49,"column":0}},"49":{"start":{"line":50,"column":0},"end":{"line":50,"column":132}},"50":{"start":{"line":51,"column":0},"end":{"line":51,"column":37}},"51":{"start":{"line":52,"column":0},"end":{"line":52,"column":34}},"52":{"start":{"line":53,"column":0},"end":{"line":53,"column":60}},"53":{"start":{"line":54,"column":0},"end":{"line":54,"column":8}},"54":{"start":{"line":55,"column":0},"end":{"line":55,"column":30}},"55":{"start":{"line":56,"column":0},"end":{"line":56,"column":7}},"56":{"start":{"line":57,"column":0},"end":{"line":57,"column":0}},"57":{"start":{"line":58,"column":0},"end":{"line":58,"column":60}},"58":{"start":{"line":59,"column":0},"end":{"line":59,"column":57}},"59":{"start":{"line":60,"column":0},"end":{"line":60,"column":7}},"60":{"start":{"line":61,"column":0},"end":{"line":61,"column":3}},"61":{"start":{"line":62,"column":0},"end":{"line":62,"column":0}},"62":{"start":{"line":63,"column":0},"end":{"line":63,"column":18}},"63":{"start":{"line":64,"column":0},"end":{"line":64,"column":32}},"64":{"start":{"line":65,"column":0},"end":{"line":65,"column":3}},"65":{"start":{"line":66,"column":0},"end":{"line":66,"column":1}}},"s":{"0":1,"1":1,"2":1,"3":1,"4":1,"5":1,"6":1,"7":1,"8":1,"9":1,"10":1,"11":1,"12":1,"13":1,"14":1,"15":1,"16":1,"17":1,"18":1,"19":1,"20":1,"21":1,"22":1,"23":1,"24":1,"25":1,"26":1,"27":1,"28":1,"29":1,"30":1,"31":1,"32":1,"33":1,"34":1,"35":1,"36":1,"37":1,"38":1,"39":1,"40":1,"41":1,"42":1,"43":1,"44":1,"45":1,"46":1,"47":1,"48":1,"49":1,"50":1,"51":0,"52":0,"53":0,"54":0,"55":1,"56":1,"57":1,"58":1,"59":1,"60":1,"61":1,"62":1,"63":1,"64":1,"65":1},"branchMap":{"0":{"type":"branch","line":20,"loc":{"start":{"line":20,"column":2},"end":{"line":24,"column":3}},"locations":[{"start":{"line":20,"column":2},"end":{"line":24,"column":3}}]},"1":{"type":"branch","line":26,"loc":{"start":{"line":26,"column":8},"end":{"line":61,"column":3}},"locations":[{"start":{"line":26,"column":8},"end":{"line":61,"column":3}}]},"2":{"type":"branch","line":58,"loc":{"start":{"line":58,"column":53},"end":{"line":60,"column":5}},"locations":[{"start":{"line":58,"column":53},"end":{"line":60,"column":5}}]},"3":{"type":"branch","line":63,"loc":{"start":{"line":63,"column":9},"end":{"line":65,"column":3}},"locations":[{"start":{"line":63,"column":9},"end":{"line":65,"column":3}}]}},"b":{"0":[1],"1":[1],"2":[1],"3":[1]},"fnMap":{"0":{"name":"Server","decl":{"start":{"line":20,"column":2},"end":{"line":24,"column":3}},"loc":{"start":{"line":20,"column":2},"end":{"line":24,"column":3}},"line":20},"1":{"name":"start","decl":{"start":{"line":26,"column":8},"end":{"line":61,"column":3}},"loc":{"start":{"line":26,"column":8},"end":{"line":61,"column":3}},"line":26},"2":{"name":"close","decl":{"start":{"line":63,"column":9},"end":{"line":65,"column":3}},"loc":{"start":{"line":63,"column":9},"end":{"line":65,"column":3}},"line":63}},"f":{"0":1,"1":1,"2":1}}
,"/Users/marcelatrujillotoro/Documents/Marcela/Courses/Node Js/07-restWeb/src/presentation/todos/controller.ts": {"path":"/Users/marcelatrujillotoro/Documents/Marcela/Courses/Node Js/07-restWeb/src/presentation/todos/controller.ts","all":false,"statementMap":{"0":{"start":{"line":1,"column":0},"end":{"line":1,"column":44}},"1":{"start":{"line":2,"column":0},"end":{"line":2,"column":65}},"2":{"start":{"line":3,"column":0},"end":{"line":3,"column":8}},"3":{"start":{"line":4,"column":0},"end":{"line":4,"column":13}},"4":{"start":{"line":5,"column":0},"end":{"line":5,"column":14}},"5":{"start":{"line":6,"column":0},"end":{"line":6,"column":13}},"6":{"start":{"line":7,"column":0},"end":{"line":7,"column":10}},"7":{"start":{"line":8,"column":0},"end":{"line":8,"column":11}},"8":{"start":{"line":9,"column":0},"end":{"line":9,"column":17}},"9":{"start":{"line":10,"column":0},"end":{"line":10,"column":13}},"10":{"start":{"line":11,"column":0},"end":{"line":11,"column":22}},"11":{"start":{"line":12,"column":0},"end":{"line":12,"column":0}},"12":{"start":{"line":13,"column":0},"end":{"line":13,"column":30}},"13":{"start":{"line":14,"column":0},"end":{"line":14,"column":26}},"14":{"start":{"line":15,"column":0},"end":{"line":15,"column":65}},"15":{"start":{"line":16,"column":0},"end":{"line":16,"column":0}},"16":{"start":{"line":17,"column":0},"end":{"line":17,"column":60}},"17":{"start":{"line":18,"column":0},"end":{"line":18,"column":39}},"18":{"start":{"line":19,"column":0},"end":{"line":19,"column":66}},"19":{"start":{"line":20,"column":0},"end":{"line":20,"column":13}},"20":{"start":{"line":21,"column":0},"end":{"line":21,"column":5}},"21":{"start":{"line":22,"column":0},"end":{"line":22,"column":0}},"22":{"start":{"line":23,"column":0},"end":{"line":23,"column":61}},"23":{"start":{"line":24,"column":0},"end":{"line":24,"column":4}},"24":{"start":{"line":25,"column":0},"end":{"line":25,"column":0}},"25":{"start":{"line":26,"column":0},"end":{"line":26,"column":54}},"26":{"start":{"line":27,"column":0},"end":{"line":27,"column":38}},"27":{"start":{"line":28,"column":0},"end":{"line":28,"column":37}},"28":{"start":{"line":29,"column":0},"end":{"line":29,"column":16}},"29":{"start":{"line":30,"column":0},"end":{"line":30,"column":39}},"30":{"start":{"line":31,"column":0},"end":{"line":31,"column":54}},"31":{"start":{"line":32,"column":0},"end":{"line":32,"column":4}},"32":{"start":{"line":33,"column":0},"end":{"line":33,"column":0}},"33":{"start":{"line":34,"column":0},"end":{"line":34,"column":57}},"34":{"start":{"line":35,"column":0},"end":{"line":35,"column":30}},"35":{"start":{"line":36,"column":0},"end":{"line":36,"column":0}},"36":{"start":{"line":37,"column":0},"end":{"line":37,"column":36}},"37":{"start":{"line":38,"column":0},"end":{"line":38,"column":18}},"38":{"start":{"line":39,"column":0},"end":{"line":39,"column":37}},"39":{"start":{"line":40,"column":0},"end":{"line":40,"column":54}},"40":{"start":{"line":41,"column":0},"end":{"line":41,"column":4}},"41":{"start":{"line":42,"column":0},"end":{"line":42,"column":0}},"42":{"start":{"line":43,"column":0},"end":{"line":43,"column":56}},"43":{"start":{"line":44,"column":0},"end":{"line":44,"column":66}},"44":{"start":{"line":45,"column":0},"end":{"line":45,"column":0}},"45":{"start":{"line":46,"column":0},"end":{"line":46,"column":54}},"46":{"start":{"line":47,"column":0},"end":{"line":47,"column":0}},"47":{"start":{"line":48,"column":0},"end":{"line":48,"column":39}},"48":{"start":{"line":49,"column":0},"end":{"line":49,"column":30}},"49":{"start":{"line":50,"column":0},"end":{"line":50,"column":49}},"50":{"start":{"line":51,"column":0},"end":{"line":51,"column":54}},"51":{"start":{"line":52,"column":0},"end":{"line":52,"column":4}},"52":{"start":{"line":53,"column":0},"end":{"line":53,"column":0}},"53":{"start":{"line":54,"column":0},"end":{"line":54,"column":56}},"54":{"start":{"line":55,"column":0},"end":{"line":55,"column":30}},"55":{"start":{"line":56,"column":0},"end":{"line":56,"column":0}},"56":{"start":{"line":57,"column":0},"end":{"line":57,"column":77}},"57":{"start":{"line":58,"column":0},"end":{"line":58,"column":0}},"58":{"start":{"line":59,"column":0},"end":{"line":59,"column":54}},"59":{"start":{"line":60,"column":0},"end":{"line":60,"column":0}},"60":{"start":{"line":61,"column":0},"end":{"line":61,"column":39}},"61":{"start":{"line":62,"column":0},"end":{"line":62,"column":30}},"62":{"start":{"line":63,"column":0},"end":{"line":63,"column":37}},"63":{"start":{"line":64,"column":0},"end":{"line":64,"column":54}},"64":{"start":{"line":65,"column":0},"end":{"line":65,"column":4}},"65":{"start":{"line":66,"column":0},"end":{"line":66,"column":0}},"66":{"start":{"line":67,"column":0},"end":{"line":67,"column":56}},"67":{"start":{"line":68,"column":0},"end":{"line":68,"column":30}},"68":{"start":{"line":69,"column":0},"end":{"line":69,"column":0}},"69":{"start":{"line":70,"column":0},"end":{"line":70,"column":39}},"70":{"start":{"line":71,"column":0},"end":{"line":71,"column":18}},"71":{"start":{"line":72,"column":0},"end":{"line":72,"column":37}},"72":{"start":{"line":73,"column":0},"end":{"line":73,"column":54}},"73":{"start":{"line":74,"column":0},"end":{"line":74,"column":4}},"74":{"start":{"line":75,"column":0},"end":{"line":75,"column":1}}},"s":{"0":1,"1":1,"2":1,"3":1,"4":1,"5":1,"6":1,"7":1,"8":1,"9":1,"10":1,"11":1,"12":1,"13":1,"14":1,"15":1,"16":1,"17":3,"18":3,"19":3,"20":3,"21":0,"22":0,"23":1,"24":1,"25":1,"26":1,"27":1,"28":1,"29":1,"30":1,"31":1,"32":1,"33":1,"34":2,"35":2,"36":2,"37":2,"38":2,"39":2,"40":1,"41":1,"42":1,"43":3,"44":3,"45":3,"46":1,"47":1,"48":1,"49":1,"50":1,"51":1,"52":1,"53":1,"54":3,"55":3,"56":3,"57":3,"58":3,"59":3,"60":3,"61":3,"62":3,"63":3,"64":1,"65":1,"66":1,"67":2,"68":2,"69":2,"70":2,"71":2,"72":2,"73":1,"74":1},"branchMap":{"0":{"type":"branch","line":15,"loc":{"start":{"line":15,"column":2},"end":{"line":15,"column":65}},"locations":[{"start":{"line":15,"column":2},"end":{"line":15,"column":65}}]},"1":{"type":"branch","line":17,"loc":{"start":{"line":17,"column":24},"end":{"line":24,"column":3}},"locations":[{"start":{"line":17,"column":24},"end":{"line":24,"column":3}}]},"2":{"type":"branch","line":22,"loc":{"start":{"line":22,"column":-1},"end":{"line":24,"column":3}},"locations":[{"start":{"line":22,"column":-1},"end":{"line":24,"column":3}}]},"3":{"type":"branch","line":26,"loc":{"start":{"line":26,"column":20},"end":{"line":32,"column":3}},"locations":[{"start":{"line":26,"column":20},"end":{"line":32,"column":3}}]},"4":{"type":"branch","line":30,"loc":{"start":{"line":30,"column":12},"end":{"line":30,"column":38}},"locations":[{"start":{"line":30,"column":12},"end":{"line":30,"column":38}}]},"5":{"type":"branch","line":34,"loc":{"start":{"line":34,"column":23},"end":{"line":41,"column":3}},"locations":[{"start":{"line":34,"column":23},"end":{"line":41,"column":3}}]},"6":{"type":"branch","line":39,"loc":{"start":{"line":39,"column":12},"end":{"line":39,"column":36}},"locations":[{"start":{"line":39,"column":12},"end":{"line":39,"column":36}}]},"7":{"type":"branch","line":40,"loc":{"start":{"line":40,"column":13},"end":{"line":40,"column":52}},"locations":[{"start":{"line":40,"column":13},"end":{"line":40,"column":52}}]},"8":{"type":"branch","line":43,"loc":{"start":{"line":43,"column":22},"end":{"line":52,"column":3}},"locations":[{"start":{"line":43,"column":22},"end":{"line":52,"column":3}}]},"9":{"type":"branch","line":46,"loc":{"start":{"line":46,"column":15},"end":{"line":46,"column":54}},"locations":[{"start":{"line":46,"column":15},"end":{"line":46,"column":54}}]},"10":{"type":"branch","line":47,"loc":{"start":{"line":47,"column":-1},"end":{"line":52,"column":3}},"locations":[{"start":{"line":47,"column":-1},"end":{"line":52,"column":3}}]},"11":{"type":"branch","line":50,"loc":{"start":{"line":50,"column":12},"end":{"line":50,"column":48}},"locations":[{"start":{"line":50,"column":12},"end":{"line":50,"column":48}}]},"12":{"type":"branch","line":54,"loc":{"start":{"line":54,"column":22},"end":{"line":65,"column":3}},"locations":[{"start":{"line":54,"column":22},"end":{"line":65,"column":3}}]},"13":{"type":"branch","line":59,"loc":{"start":{"line":59,"column":15},"end":{"line":59,"column":54}},"locations":[{"start":{"line":59,"column":15},"end":{"line":59,"column":54}}]},"14":{"type":"branch","line":63,"loc":{"start":{"line":63,"column":12},"end":{"line":63,"column":36}},"locations":[{"start":{"line":63,"column":12},"end":{"line":63,"column":36}}]},"15":{"type":"branch","line":64,"loc":{"start":{"line":64,"column":13},"end":{"line":64,"column":52}},"locations":[{"start":{"line":64,"column":13},"end":{"line":64,"column":52}}]},"16":{"type":"branch","line":67,"loc":{"start":{"line":67,"column":22},"end":{"line":74,"column":3}},"locations":[{"start":{"line":67,"column":22},"end":{"line":74,"column":3}}]},"17":{"type":"branch","line":72,"loc":{"start":{"line":72,"column":12},"end":{"line":72,"column":36}},"locations":[{"start":{"line":72,"column":12},"end":{"line":72,"column":36}}]},"18":{"type":"branch","line":73,"loc":{"start":{"line":73,"column":13},"end":{"line":73,"column":52}},"locations":[{"start":{"line":73,"column":13},"end":{"line":73,"column":52}}]}},"b":{"0":[2],"1":[3],"2":[0],"3":[1],"4":[1],"5":[2],"6":[1],"7":[1],"8":[3],"9":[2],"10":[1],"11":[1],"12":[3],"13":[0],"14":[2],"15":[1],"16":[2],"17":[1],"18":[1]},"fnMap":{"0":{"name":"TodosController","decl":{"start":{"line":15,"column":2},"end":{"line":15,"column":65}},"loc":{"start":{"line":15,"column":2},"end":{"line":15,"column":65}},"line":15},"1":{"name":"TodosController.handleError","decl":{"start":{"line":17,"column":24},"end":{"line":24,"column":3}},"loc":{"start":{"line":17,"column":24},"end":{"line":24,"column":3}},"line":17},"2":{"name":"TodosController.getTodos","decl":{"start":{"line":26,"column":20},"end":{"line":32,"column":3}},"loc":{"start":{"line":26,"column":20},"end":{"line":32,"column":3}},"line":26},"3":{"name":"TodosController.getTodoById","decl":{"start":{"line":34,"column":23},"end":{"line":41,"column":3}},"loc":{"start":{"line":34,"column":23},"end":{"line":41,"column":3}},"line":34},"4":{"name":"TodosController.createTodo","decl":{"start":{"line":43,"column":22},"end":{"line":52,"column":3}},"loc":{"start":{"line":43,"column":22},"end":{"line":52,"column":3}},"line":43},"5":{"name":"TodosController.updateTodo","decl":{"start":{"line":54,"column":22},"end":{"line":65,"column":3}},"loc":{"start":{"line":54,"column":22},"end":{"line":65,"column":3}},"line":54},"6":{"name":"TodosController.deleteTodo","decl":{"start":{"line":67,"column":22},"end":{"line":74,"column":3}},"loc":{"start":{"line":67,"column":22},"end":{"line":74,"column":3}},"line":67}},"f":{"0":2,"1":3,"2":1,"3":2,"4":3,"5":3,"6":2}}
,"/Users/marcelatrujillotoro/Documents/Marcela/Courses/Node Js/07-restWeb/src/presentation/todos/routes.ts": {"path":"/Users/marcelatrujillotoro/Documents/Marcela/Courses/Node Js/07-restWeb/src/presentation/todos/routes.ts","all":false,"statementMap":{"0":{"start":{"line":1,"column":0},"end":{"line":1,"column":33}},"1":{"start":{"line":2,"column":0},"end":{"line":2,"column":47}},"2":{"start":{"line":3,"column":0},"end":{"line":3,"column":79}},"3":{"start":{"line":4,"column":0},"end":{"line":4,"column":0}},"4":{"start":{"line":5,"column":0},"end":{"line":5,"column":25}},"5":{"start":{"line":6,"column":0},"end":{"line":6,"column":31}},"6":{"start":{"line":7,"column":0},"end":{"line":7,"column":28}},"7":{"start":{"line":8,"column":0},"end":{"line":8,"column":0}},"8":{"start":{"line":9,"column":0},"end":{"line":9,"column":48}},"9":{"start":{"line":10,"column":0},"end":{"line":10,"column":62}},"10":{"start":{"line":11,"column":0},"end":{"line":11,"column":0}},"11":{"start":{"line":12,"column":0},"end":{"line":12,"column":63}},"12":{"start":{"line":13,"column":0},"end":{"line":13,"column":0}},"13":{"start":{"line":14,"column":0},"end":{"line":14,"column":45}},"14":{"start":{"line":15,"column":0},"end":{"line":15,"column":0}},"15":{"start":{"line":16,"column":0},"end":{"line":16,"column":51}},"16":{"start":{"line":17,"column":0},"end":{"line":17,"column":0}},"17":{"start":{"line":18,"column":0},"end":{"line":18,"column":48}},"18":{"start":{"line":19,"column":0},"end":{"line":19,"column":0}},"19":{"start":{"line":20,"column":0},"end":{"line":20,"column":50}},"20":{"start":{"line":21,"column":0},"end":{"line":21,"column":0}},"21":{"start":{"line":22,"column":0},"end":{"line":22,"column":53}},"22":{"start":{"line":23,"column":0},"end":{"line":23,"column":0}},"23":{"start":{"line":24,"column":0},"end":{"line":24,"column":18}},"24":{"start":{"line":25,"column":0},"end":{"line":25,"column":3}},"25":{"start":{"line":26,"column":0},"end":{"line":26,"column":1}}},"s":{"0":1,"1":1,"2":1,"3":1,"4":1,"5":1,"6":2,"7":2,"8":2,"9":2,"10":2,"11":2,"12":2,"13":2,"14":2,"15":2,"16":2,"17":2,"18":2,"19":2,"20":2,"21":2,"22":2,"23":2,"24":2,"25":1},"branchMap":{"0":{"type":"branch","line":6,"loc":{"start":{"line":6,"column":8},"end":{"line":25,"column":3}},"locations":[{"start":{"line":6,"column":8},"end":{"line":25,"column":3}}]}},"b":{"0":[2]},"fnMap":{"0":{"name":"get routes","decl":{"start":{"line":6,"column":8},"end":{"line":25,"column":3}},"loc":{"start":{"line":6,"column":8},"end":{"line":25,"column":3}},"line":6}},"f":{"0":2}}
,"/Users/marcelatrujillotoro/Documents/Marcela/Courses/Node Js/07-restWeb/test/test-server.ts": {"path":"/Users/marcelatrujillotoro/Documents/Marcela/Courses/Node Js/07-restWeb/test/test-server.ts","all":false,"statementMap":{"0":{"start":{"line":1,"column":0},"end":{"line":1,"column":57}},"1":{"start":{"line":2,"column":0},"end":{"line":2,"column":44}},"2":{"start":{"line":3,"column":0},"end":{"line":3,"column":52}},"3":{"start":{"line":4,"column":0},"end":{"line":4,"column":0}},"4":{"start":{"line":5,"column":0},"end":{"line":5,"column":38}},"5":{"start":{"line":6,"column":0},"end":{"line":6,"column":18}},"6":{"start":{"line":7,"column":0},"end":{"line":7,"column":27}},"7":{"start":{"line":8,"column":0},"end":{"line":8,"column":3}}},"s":{"0":1,"1":1,"2":1,"3":1,"4":1,"5":1,"6":1,"7":1},"branchMap":{},"b":{},"fnMap":{},"f":{}}
}
