TN:
SF:src/app.ts
FN:9,main
FNF:1
FNH:1
FNDA:1,main
DA:1,1
DA:2,1
DA:3,1
DA:4,1
DA:5,1
DA:6,1
DA:7,1
DA:8,1
DA:9,1
DA:10,1
DA:11,1
DA:12,1
DA:13,1
DA:14,1
DA:15,1
DA:16,1
DA:17,1
LF:17
LH:17
BRDA:5,0,0,1
BRDA:5,1,0,1
BRDA:9,2,0,1
BRF:3
BRH:3
end_of_record
TN:
SF:src/config/envs.ts
FNF:0
FNH:0
DA:1,1
DA:2,1
DA:3,1
DA:4,1
DA:5,1
DA:6,1
DA:7,1
DA:8,1
LF:8
LH:8
BRF:0
BRH:0
end_of_record
TN:
SF:src/data/postgres/index.ts
FNF:0
FNH:0
DA:1,1
DA:2,1
DA:3,1
LF:3
LH:3
BRF:0
BRH:0
end_of_record
TN:
SF:src/domain/index.ts
FNF:0
FNH:0
DA:1,1
DA:2,1
DA:3,1
DA:4,1
DA:5,1
DA:6,1
DA:7,1
DA:8,1
DA:9,1
DA:10,1
DA:11,1
DA:12,1
LF:12
LH:12
BRF:0
BRH:0
end_of_record
TN:
SF:src/domain/datasources/todo.datasource.ts
FNF:0
FNH:0
DA:1,1
DA:2,1
DA:3,1
DA:4,1
DA:5,1
DA:6,1
DA:7,1
DA:8,1
DA:9,1
DA:10,1
DA:11,1
DA:12,1
DA:13,1
DA:14,1
LF:14
LH:14
BRF:0
BRH:0
end_of_record
TN:
SF:src/domain/dtos/index.ts
FNF:0
FNH:0
DA:1,1
DA:2,1
LF:2
LH:2
BRF:0
BRH:0
end_of_record
TN:
SF:src/domain/dtos/todos/create-todo.dto.ts
FN:4,CreateTodoDTO
FN:6,create
FNF:2
FNH:2
FNDA:1,CreateTodoDTO
FNDA:3,create
DA:1,1
DA:2,1
DA:3,1
DA:4,1
DA:5,1
DA:6,1
DA:7,3
DA:8,3
DA:9,3
DA:10,3
DA:11,1
DA:12,1
DA:13,1
DA:14,1
LF:14
LH:14
BRDA:4,0,0,1
BRDA:6,1,0,3
BRDA:9,2,0,1
BRDA:10,3,0,2
BRDA:11,4,0,1
BRF:5
BRH:5
end_of_record
TN:
SF:src/domain/dtos/todos/update-todo.dto.ts
FN:4,UpdateTodoDTO
FN:10,get values
FN:19,update
FNF:3
FNH:3
FNDA:3,UpdateTodoDTO
FNDA:2,get values
FNDA:3,update
DA:1,1
DA:2,1
DA:3,1
DA:4,1
DA:5,3
DA:6,3
DA:7,3
DA:8,3
DA:9,1
DA:10,1
DA:11,2
DA:12,2
DA:13,2
DA:14,2
DA:15,2
DA:16,2
DA:17,2
DA:18,1
DA:19,1
DA:20,3
DA:21,3
DA:22,3
DA:23,3
DA:24,0
DA:25,0
DA:26,3
DA:27,3
DA:28,3
DA:29,3
DA:30,0
DA:31,0
DA:32,3
DA:33,3
DA:34,3
DA:35,3
DA:36,1
LF:36
LH:32
BRDA:4,0,0,3
BRDA:10,1,0,2
BRDA:13,2,0,1
BRDA:19,3,0,3
BRDA:23,4,0,0
BRDA:29,5,0,0
BRF:6
BRH:4
end_of_record
TN:
SF:src/domain/entities/todo.entity.ts
FN:2,TodoEntity
FN:8,get isCompleted
FN:12,fromObject
FNF:3
FNH:2
FNDA:10,TodoEntity
FNDA:0,get isCompleted
FNDA:10,fromObject
DA:1,1
DA:2,1
DA:3,10
DA:4,10
DA:5,10
DA:6,10
DA:7,1
DA:8,1
DA:9,0
DA:10,0
DA:11,1
DA:12,1
DA:13,10
DA:14,10
DA:15,10
DA:16,10
DA:17,10
DA:18,10
DA:19,10
DA:20,2
DA:21,2
DA:22,0
DA:23,0
DA:24,2
DA:25,10
DA:26,10
DA:27,10
DA:28,1
LF:28
LH:24
BRDA:2,0,0,10
BRDA:12,1,0,10
BRDA:15,2,0,0
BRDA:16,3,0,0
BRDA:19,4,0,2
BRDA:21,5,0,0
BRF:6
BRH:3
end_of_record
TN:
SF:src/domain/errors/custom.error.ts
FN:2,CustomError
FNF:1
FNH:1
FNDA:3,CustomError
DA:1,1
DA:2,1
DA:3,3
DA:4,3
DA:5,3
DA:6,3
DA:7,3
DA:8,1
LF:8
LH:8
BRDA:2,0,0,3
BRF:1
BRH:1
end_of_record
TN:
SF:src/domain/repositories/todo.repository.ts
FNF:0
FNH:0
DA:1,1
DA:2,1
DA:3,1
DA:4,1
DA:5,1
DA:6,1
DA:7,1
DA:8,1
DA:9,1
DA:10,1
DA:11,1
DA:12,1
DA:13,1
DA:14,1
LF:14
LH:14
BRF:0
BRH:0
end_of_record
TN:
SF:src/domain/use-cases/todo/create-todo.ts
FN:10,CreateTodo
FN:12,execute
FNF:2
FNH:2
FNDA:1,CreateTodo
FNDA:1,execute
DA:1,1
DA:2,1
DA:3,1
DA:4,1
DA:5,1
DA:6,1
DA:7,1
DA:8,1
DA:9,1
DA:10,1
DA:11,1
DA:12,1
DA:13,1
DA:14,1
DA:15,1
LF:15
LH:15
BRDA:10,0,0,1
BRDA:12,1,0,1
BRF:2
BRH:2
end_of_record
TN:
SF:src/domain/use-cases/todo/delete-todo.ts
FN:9,DeleteTodo
FN:11,execute
FNF:2
FNH:2
FNDA:2,DeleteTodo
FNDA:2,execute
DA:1,1
DA:2,1
DA:3,1
DA:4,1
DA:5,1
DA:6,1
DA:7,1
DA:8,1
DA:9,1
DA:10,1
DA:11,1
DA:12,2
DA:13,2
DA:14,1
LF:14
LH:14
BRDA:9,0,0,2
BRDA:11,1,0,2
BRF:2
BRH:2
end_of_record
TN:
SF:src/domain/use-cases/todo/get-todo.ts
FN:10,GetTodo
FN:12,execute
FNF:2
FNH:2
FNDA:2,GetTodo
FNDA:2,execute
DA:1,1
DA:2,1
DA:3,1
DA:4,1
DA:5,1
DA:6,1
DA:7,1
DA:8,1
DA:9,1
DA:10,1
DA:11,1
DA:12,1
DA:13,2
DA:14,2
DA:15,1
LF:15
LH:15
BRDA:10,0,0,2
BRDA:12,1,0,2
BRF:2
BRH:2
end_of_record
TN:
SF:src/domain/use-cases/todo/get-todos.ts
FN:9,GetTodos
FN:11,execute
FNF:2
FNH:2
FNDA:1,GetTodos
FNDA:1,execute
DA:1,1
DA:2,1
DA:3,1
DA:4,1
DA:5,1
DA:6,1
DA:7,1
DA:8,1
DA:9,1
DA:10,1
DA:11,1
DA:12,1
DA:13,1
DA:14,1
LF:14
LH:14
BRDA:9,0,0,1
BRDA:11,1,0,1
BRF:2
BRH:2
end_of_record
TN:
SF:src/domain/use-cases/todo/update-todo.ts
FN:10,UpdateTodo
FN:12,execute
FNF:2
FNH:2
FNDA:3,UpdateTodo
FNDA:3,execute
DA:1,1
DA:2,1
DA:3,1
DA:4,1
DA:5,1
DA:6,1
DA:7,1
DA:8,1
DA:9,1
DA:10,1
DA:11,1
DA:12,1
DA:13,3
DA:14,3
DA:15,1
LF:15
LH:15
BRDA:10,0,0,3
BRDA:12,1,0,3
BRF:2
BRH:2
end_of_record
TN:
SF:src/infraestructure/index.ts
FNF:0
FNH:0
DA:1,1
DA:2,1
LF:2
LH:2
BRF:0
BRH:0
end_of_record
TN:
SF:src/infraestructure/datasources/todo.datasource.impl.ts
FN:11,create
FN:19,getAll
FN:25,findById
FN:33,updateById
FN:44,deleteById
FNF:5
FNH:5
FNDA:1,create
FNDA:1,getAll
FNDA:7,findById
FNDA:3,updateById
FNDA:2,deleteById
DA:1,1
DA:2,1
DA:3,1
DA:4,1
DA:5,1
DA:6,1
DA:7,1
DA:8,1
DA:9,1
DA:10,1
DA:11,1
DA:12,1
DA:13,1
DA:14,1
DA:15,1
DA:16,1
DA:17,1
DA:18,1
DA:19,1
DA:20,1
DA:21,1
DA:22,1
DA:23,1
DA:24,1
DA:25,1
DA:26,7
DA:27,7
DA:28,7
DA:29,4
DA:30,4
DA:31,4
DA:32,1
DA:33,1
DA:34,3
DA:35,2
DA:36,2
DA:37,2
DA:38,2
DA:39,2
DA:40,2
DA:41,2
DA:42,2
DA:43,1
DA:44,1
DA:45,2
DA:46,1
DA:47,1
DA:48,1
DA:49,1
DA:50,1
DA:51,1
LF:51
LH:51
BRDA:11,0,0,1
BRDA:19,1,0,1
BRDA:22,2,0,2
BRDA:25,3,0,7
BRDA:28,4,0,3
BRDA:29,5,0,4
BRDA:33,6,0,3
BRDA:35,7,0,2
BRDA:44,8,0,2
BRDA:46,9,0,1
BRF:10
BRH:10
end_of_record
TN:
SF:src/infraestructure/repositories/todo.repository.impl.ts
FN:10,TodoRepositoryImpl
FN:12,create
FN:16,getAll
FN:20,findById
FN:24,updateById
FN:28,deleteById
FNF:6
FNH:6
FNDA:2,TodoRepositoryImpl
FNDA:1,create
FNDA:1,getAll
FNDA:2,findById
FNDA:3,updateById
FNDA:2,deleteById
DA:1,1
DA:2,1
DA:3,1
DA:4,1
DA:5,1
DA:6,1
DA:7,1
DA:8,1
DA:9,1
DA:10,1
DA:11,1
DA:12,1
DA:13,1
DA:14,1
DA:15,1
DA:16,1
DA:17,1
DA:18,1
DA:19,1
DA:20,1
DA:21,2
DA:22,2
DA:23,1
DA:24,1
DA:25,3
DA:26,3
DA:27,1
DA:28,1
DA:29,2
DA:30,2
DA:31,1
LF:31
LH:31
BRDA:10,0,0,2
BRDA:12,1,0,1
BRDA:16,2,0,1
BRDA:20,3,0,2
BRDA:24,4,0,3
BRDA:28,5,0,2
BRF:6
BRH:6
end_of_record
TN:
SF:src/presentation/routes.ts
FN:5,get routes
FNF:1
FNH:1
FNDA:2,get routes
DA:1,1
DA:2,1
DA:3,1
DA:4,1
DA:5,1
DA:6,2
DA:7,2
DA:8,2
DA:9,2
DA:10,2
DA:11,2
DA:12,1
LF:12
LH:12
BRDA:5,0,0,2
BRF:1
BRH:1
end_of_record
TN:
SF:src/presentation/server.ts
FN:20,Server
FN:26,start
FN:63,close
FNF:3
FNH:3
FNDA:1,Server
FNDA:1,start
FNDA:1,close
DA:1,1
DA:2,1
DA:3,1
DA:4,1
DA:5,1
DA:6,1
DA:7,1
DA:8,1
DA:9,1
DA:10,1
DA:11,1
DA:12,1
DA:13,1
DA:14,1
DA:15,1
DA:16,1
DA:17,1
DA:18,1
DA:19,1
DA:20,1
DA:21,1
DA:22,1
DA:23,1
DA:24,1
DA:25,1
DA:26,1
DA:27,1
DA:28,1
DA:29,1
DA:30,1
DA:31,1
DA:32,1
DA:33,1
DA:34,1
DA:35,1
DA:36,1
DA:37,1
DA:38,1
DA:39,1
DA:40,1
DA:41,1
DA:42,1
DA:43,1
DA:44,1
DA:45,1
DA:46,1
DA:47,1
DA:48,1
DA:49,1
DA:50,1
DA:51,1
DA:52,0
DA:53,0
DA:54,0
DA:55,0
DA:56,1
DA:57,1
DA:58,1
DA:59,1
DA:60,1
DA:61,1
DA:62,1
DA:63,1
DA:64,1
DA:65,1
DA:66,1
LF:66
LH:62
BRDA:20,0,0,1
BRDA:26,1,0,1
BRDA:58,2,0,1
BRDA:63,3,0,1
BRF:4
BRH:4
end_of_record
TN:
SF:src/presentation/todos/controller.ts
FN:15,TodosController
FN:17,TodosController.handleError
FN:26,TodosController.getTodos
FN:34,TodosController.getTodoById
FN:43,TodosController.createTodo
FN:54,TodosController.updateTodo
FN:67,TodosController.deleteTodo
FNF:7
FNH:7
FNDA:2,TodosController
FNDA:3,TodosController.handleError
FNDA:1,TodosController.getTodos
FNDA:2,TodosController.getTodoById
FNDA:3,TodosController.createTodo
FNDA:3,TodosController.updateTodo
FNDA:2,TodosController.deleteTodo
DA:1,1
DA:2,1
DA:3,1
DA:4,1
DA:5,1
DA:6,1
DA:7,1
DA:8,1
DA:9,1
DA:10,1
DA:11,1
DA:12,1
DA:13,1
DA:14,1
DA:15,1
DA:16,1
DA:17,1
DA:18,3
DA:19,3
DA:20,3
DA:21,3
DA:22,0
DA:23,0
DA:24,1
DA:25,1
DA:26,1
DA:27,1
DA:28,1
DA:29,1
DA:30,1
DA:31,1
DA:32,1
DA:33,1
DA:34,1
DA:35,2
DA:36,2
DA:37,2
DA:38,2
DA:39,2
DA:40,2
DA:41,1
DA:42,1
DA:43,1
DA:44,3
DA:45,3
DA:46,3
DA:47,1
DA:48,1
DA:49,1
DA:50,1
DA:51,1
DA:52,1
DA:53,1
DA:54,1
DA:55,3
DA:56,3
DA:57,3
DA:58,3
DA:59,3
DA:60,3
DA:61,3
DA:62,3
DA:63,3
DA:64,3
DA:65,1
DA:66,1
DA:67,1
DA:68,2
DA:69,2
DA:70,2
DA:71,2
DA:72,2
DA:73,2
DA:74,1
DA:75,1
LF:75
LH:73
BRDA:15,0,0,2
BRDA:17,1,0,3
BRDA:22,2,0,0
BRDA:26,3,0,1
BRDA:30,4,0,1
BRDA:34,5,0,2
BRDA:39,6,0,1
BRDA:40,7,0,1
BRDA:43,8,0,3
BRDA:46,9,0,2
BRDA:47,10,0,1
BRDA:50,11,0,1
BRDA:54,12,0,3
BRDA:59,13,0,0
BRDA:63,14,0,2
BRDA:64,15,0,1
BRDA:67,16,0,2
BRDA:72,17,0,1
BRDA:73,18,0,1
BRF:19
BRH:17
end_of_record
TN:
SF:src/presentation/todos/routes.ts
FN:6,get routes
FNF:1
FNH:1
FNDA:2,get routes
DA:1,1
DA:2,1
DA:3,1
DA:4,1
DA:5,1
DA:6,1
DA:7,2
DA:8,2
DA:9,2
DA:10,2
DA:11,2
DA:12,2
DA:13,2
DA:14,2
DA:15,2
DA:16,2
DA:17,2
DA:18,2
DA:19,2
DA:20,2
DA:21,2
DA:22,2
DA:23,2
DA:24,2
DA:25,2
DA:26,1
LF:26
LH:26
BRDA:6,0,0,2
BRF:1
BRH:1
end_of_record
TN:
SF:test/test-server.ts
FNF:0
FNH:0
DA:1,1
DA:2,1
DA:3,1
DA:4,1
DA:5,1
DA:6,1
DA:7,1
DA:8,1
LF:8
LH:8
BRF:0
BRH:0
end_of_record
